imooc_xam/build/outputs/logs/manifest-merger-debug-report.txt
-- Merging decision tree log ---
manifest
ADDED from imooc_xam/imooc_xam/AndroidManifest.xml:2:1-52:12
	xmlns:android
		ADDED from imooc_xam/imooc_xam/AndroidManifest.xml:2:11-69
	package
		ADDED from imooc_xam/imooc_xam/AndroidManifest.xml:3:5-22
	android:versionName
		ADDED from imooc_xam/imooc_xam/AndroidManifest.xml:5:5-30
	android:versionCode
		ADDED from imooc_xam/imooc_xam/AndroidManifest.xml:4:5-28
		INJECTED from imooc_xam/imooc_xam/AndroidManifest.xml
		INJECTED from imooc_xam/imooc_xam/AndroidManifest.xml
uses-sdk
ADDED from imooc_xam/imooc_xam/AndroidManifest.xml:7:5-9:41
	android:targetSdkVersion
		ADDED from imooc_xam/imooc_xam/AndroidManifest.xml:9:9-38
	android:minSdkVersion
		ADDED from imooc_xam/imooc_xam/AndroidManifest.xml:8:9-35
uses-permission#android.permission.VIBRATE
ADDED from imooc_xam/imooc_xam/AndroidManifest.xml:11:5-66
	android:name
		ADDED from imooc_xam/imooc_xam/AndroidManifest.xml:11:22-63
uses-permission#android.permission.WRITE_EXTERNAL_STORAGE
ADDED from imooc_xam/imooc_xam/AndroidManifest.xml:12:5-81
	android:name
		ADDED from imooc_xam/imooc_xam/AndroidManifest.xml:12:22-78
application
ADDED from imooc_xam/imooc_xam/AndroidManifest.xml:14:5-50:19
	android:label
		ADDED from imooc_xam/imooc_xam/AndroidManifest.xml:17:9-41
	android:allowBackup
		ADDED from imooc_xam/imooc_xam/AndroidManifest.xml:15:9-35
	android:icon
		ADDED from imooc_xam/imooc_xam/AndroidManifest.xml:16:9-37
	android:theme
		ADDED from imooc_xam/imooc_xam/AndroidManifest.xml:18:9-45
activity#com.xam.MainActivity
ADDED from imooc_xam/imooc_xam/AndroidManifest.xml:19:9-27:20
	android:label
		ADDED from imooc_xam/imooc_xam/AndroidManifest.xml:21:13-45
	android:name
		ADDED from imooc_xam/imooc_xam/AndroidManifest.xml:20:13-48
intent-filter#android.intent.action.MAIN+android.intent.category.LAUNCHER
ADDED from imooc_xam/imooc_xam/AndroidManifest.xml:22:13-26:29
action#android.intent.action.MAIN
ADDED from imooc_xam/imooc_xam/AndroidManifest.xml:23:17-69
	android:name
		ADDED from imooc_xam/imooc_xam/AndroidManifest.xml:23:25-66
category#android.intent.category.LAUNCHER
ADDED from imooc_xam/imooc_xam/AndroidManifest.xml:25:17-77
	android:name
		ADDED from imooc_xam/imooc_xam/AndroidManifest.xml:25:27-74
activity#com.xam.LibraryActivity
ADDED from imooc_xam/imooc_xam/AndroidManifest.xml:28:9-29:20
	android:name
		ADDED from imooc_xam/imooc_xam/AndroidManifest.xml:28:19-57
activity#com.xam.ClearEditTextActivity
ADDED from imooc_xam/imooc_xam/AndroidManifest.xml:30:9-31:20
	android:name
		ADDED from imooc_xam/imooc_xam/AndroidManifest.xml:30:19-63
activity#com.xam.CircleProgressActivity
ADDED from imooc_xam/imooc_xam/AndroidManifest.xml:32:9-33:20
	android:name
		ADDED from imooc_xam/imooc_xam/AndroidManifest.xml:32:19-64
activity#com.xam.DragGridViewActivity
ADDED from imooc_xam/imooc_xam/AndroidManifest.xml:34:9-35:20
	android:name
		ADDED from imooc_xam/imooc_xam/AndroidManifest.xml:34:19-62
activity#com.xam.PhotoAlbumActivity
ADDED from imooc_xam/imooc_xam/AndroidManifest.xml:36:9-37:20
	android:name
		ADDED from imooc_xam/imooc_xam/AndroidManifest.xml:36:19-60
activity#com.xam.ShowPhotoActivity
ADDED from imooc_xam/imooc_xam/AndroidManifest.xml:38:9-39:20
	android:name
		ADDED from imooc_xam/imooc_xam/AndroidManifest.xml:38:19-59
activity#com.xam.SwipeActivity
ADDED from imooc_xam/imooc_xam/AndroidManifest.xml:40:9-41:20
	android:name
		ADDED from imooc_xam/imooc_xam/AndroidManifest.xml:40:19-55
activity#com.xam.SortListViewActivity
ADDED from imooc_xam/imooc_xam/AndroidManifest.xml:42:9-43:20
	android:name
		ADDED from imooc_xam/imooc_xam/AndroidManifest.xml:42:19-62
activity#com.xam.SlideCutListViewActivity
ADDED from imooc_xam/imooc_xam/AndroidManifest.xml:44:9-45:20
	android:name
		ADDED from imooc_xam/imooc_xam/AndroidManifest.xml:44:19-66
activity#com.xam.ImageScanActivity
ADDED from imooc_xam/imooc_xam/AndroidManifest.xml:46:9-47:20
	android:name
		ADDED from imooc_xam/imooc_xam/AndroidManifest.xml:46:19-59
activity#com.xam.ShowImageActivity
ADDED from imooc_xam/imooc_xam/AndroidManifest.xml:48:9-49:20
	android:name
		ADDED from imooc_xam/imooc_xam/AndroidManifest.xml:48:19-59